Using pre-set license
Built from '2020.3/staging' branch; Version is '2020.3.8f1 (507919d4fff5) revision 5273881'; Using compiler version '192528614'; Build Type 'Release'
OS: 'Windows 10 Pro; OS build 18363.1500; Version 1909; 64bit' Language: 'en' Physical Memory: 16308 MB
BatchMode: 1, IsHumanControllingUs: 0, StartBugReporterOnCrash: 0, Is64bit: 1, IsPro: 0

 COMMAND LINE ARGUMENTS:
C:\Users\Md. Mehrab Haque\Desktop\projects\Unity\2020.3.8f1\Editor\Unity.exe
-adb2
-batchMode
-noUpm
-name
AssetImportWorker0
-projectPath
C:/Users/Md. Mehrab Haque/Desktop/projects/Unity/textureTransitionNonUrp
-logFile
Logs/AssetImportWorker0.log
-srvPort
54287
Successfully changed project path to: C:/Users/Md. Mehrab Haque/Desktop/projects/Unity/textureTransitionNonUrp
C:/Users/Md. Mehrab Haque/Desktop/projects/Unity/textureTransitionNonUrp
Using Asset Import Pipeline V2.
Refreshing native plugins compatible for Editor in 330.56 ms, found 0 plugins.
Preloading 0 native plugins for Editor in 0.00 ms.
Initialize engine version: 2020.3.8f1 (507919d4fff5)
[Subsystems] Discovering subsystems at path C:/Users/Md. Mehrab Haque/Desktop/projects/Unity/2020.3.8f1/Editor/Data/Resources/UnitySubsystems
[Subsystems] Discovering subsystems at path C:/Users/Md. Mehrab Haque/Desktop/projects/Unity/textureTransitionNonUrp/Assets
GfxDevice: creating device client; threaded=0
Direct3D:
    Version:  Direct3D 11.0 [level 11.1]
    Renderer: Intel(R) HD Graphics 4400 (ID=0x41e)
    Vendor:   
    VRAM:     2048 MB
    Driver:   20.19.15.4624
Initialize mono
Mono path[0] = 'C:/Users/Md. Mehrab Haque/Desktop/projects/Unity/2020.3.8f1/Editor/Data/Managed'
Mono path[1] = 'C:/Users/Md. Mehrab Haque/Desktop/projects/Unity/2020.3.8f1/Editor/Data/MonoBleedingEdge/lib/mono/unityjit'
Mono config path = 'C:/Users/Md. Mehrab Haque/Desktop/projects/Unity/2020.3.8f1/Editor/Data/MonoBleedingEdge/etc'
Using monoOptions --debugger-agent=transport=dt_socket,embedding=1,server=y,suspend=n,address=127.0.0.1:56832
Begin MonoManager ReloadAssembly
Registering precompiled unity dll's ...
Register platform support module: C:/Users/Md. Mehrab Haque/Desktop/projects/Unity/2020.3.8f1/Editor/Data/PlaybackEngines/WindowsStandaloneSupport/UnityEditor.WindowsStandalone.Extensions.dll
Registered in 0.005682 seconds.
Native extension for WindowsStandalone target not found
Refreshing native plugins compatible for Editor in 73.67 ms, found 0 plugins.
Preloading 0 native plugins for Editor in 0.00 ms.
Mono: successfully reloaded assembly
- Completed reload, in  3.178 seconds
Platform modules already initialized, skipping
Registering precompiled user dll's ...
Registered in 0.002121 seconds.
Begin MonoManager ReloadAssembly
Native extension for WindowsStandalone target not found
Refreshing native plugins compatible for Editor in 0.29 ms, found 0 plugins.
Preloading 0 native plugins for Editor in 0.00 ms.
Mono: successfully reloaded assembly
- Completed reload, in  1.698 seconds
Platform modules already initialized, skipping
========================================================================
Worker process is ready to serve import requests
Launched and connected shader compiler UnityShaderCompiler.exe after 0.08 seconds
Refreshing native plugins compatible for Editor in 0.61 ms, found 0 plugins.
Preloading 0 native plugins for Editor in 0.00 ms.
Unloading 1116 Unused Serialized files (Serialized files now loaded: 0)
System memory in use before: 58.1 MB.
System memory in use after: 58.2 MB.

Unloading 10 unused Assets to reduce memory usage. Loaded Objects now: 1560.
Total: 5.375800 ms (FindLiveObjects: 0.591400 ms CreateObjectMapping: 0.141200 ms MarkObjects: 4.450700 ms  DeleteObjects: 0.190200 ms)

========================================================================
Received Import Request.
  path: Assets/Blend 2 Textures.shader
  artifactKey: Guid(0193c4dda1f2e5244a0cdcff7e7b6574) Importer(815301076,1909f56bfc062723c751e8b465ee728b)
Start importing Assets/Blend 2 Textures.shader using Guid(0193c4dda1f2e5244a0cdcff7e7b6574) Importer(815301076,1909f56bfc062723c751e8b465ee728b)  -> (artifact id: '3727d1963c04a3f9328a1d11b2115934') in 0.108135 seconds
  Import took 0.113580 seconds .

========================================================================
Received Import Request.
  Time since last request: 16.272143 seconds.
  path: Assets/Blend 2 Textures.shader
  artifactKey: Guid(0193c4dda1f2e5244a0cdcff7e7b6574) Importer(815301076,1909f56bfc062723c751e8b465ee728b)
Start importing Assets/Blend 2 Textures.shader using Guid(0193c4dda1f2e5244a0cdcff7e7b6574) Importer(815301076,1909f56bfc062723c751e8b465ee728b)  -> (artifact id: '6045a37d9b867007ba566e541ebb1443') in 0.089133 seconds
  Import took 0.111909 seconds .

========================================================================
Received Import Request.
  Time since last request: 0.000117 seconds.
  path: Assets/Blend 2 Textures.shader
  artifactKey: Guid(0193c4dda1f2e5244a0cdcff7e7b6574) Importer(815301076,1909f56bfc062723c751e8b465ee728b)
Start importing Assets/Blend 2 Textures.shader using Guid(0193c4dda1f2e5244a0cdcff7e7b6574) Importer(815301076,1909f56bfc062723c751e8b465ee728b)  -> (artifact id: '6045a37d9b867007ba566e541ebb1443') in 0.019186 seconds
  Import took 0.032581 seconds .

========================================================================
Received Import Request.
  Time since last request: 11.841127 seconds.
  path: Assets
  artifactKey: Guid(00000000000000001000000000000000) Importer(815301076,1909f56bfc062723c751e8b465ee728b)
Start importing Assets using Guid(00000000000000001000000000000000) Importer(815301076,1909f56bfc062723c751e8b465ee728b)  -> (artifact id: '42d402b061de3733987d63b9cc3b64de') in 0.026832 seconds
  Import took 0.030977 seconds .

========================================================================
Received Import Request.
  Time since last request: 234.477231 seconds.
  path: Assets/TextureMaterial.mat
  artifactKey: Guid(ad4e9d1bf62e1e34bb443b04cd70a772) Importer(815301076,1909f56bfc062723c751e8b465ee728b)
Start importing Assets/TextureMaterial.mat using Guid(ad4e9d1bf62e1e34bb443b04cd70a772) Importer(815301076,1909f56bfc062723c751e8b465ee728b)  -> (artifact id: '2a88fd58004cec8d10370562155e276f') in 0.187792 seconds
  Import took 0.193645 seconds .

========================================================================
Received Import Request.
  Time since last request: 37.900293 seconds.
  path: Assets/textureTransition.cs
  artifactKey: Guid(364b498689b36524abf6a1f18e4d66bf) Importer(815301076,1909f56bfc062723c751e8b465ee728b)
Start importing Assets/textureTransition.cs using Guid(364b498689b36524abf6a1f18e4d66bf) Importer(815301076,1909f56bfc062723c751e8b465ee728b)  -> (artifact id: '167325724fcef45bcae7cb6e27f712a4') in 0.017912 seconds
  Import took 0.023500 seconds .

========================================================================
Received Prepare
Registering precompiled user dll's ...
Registered in 0.000922 seconds.
Begin MonoManager ReloadAssembly
Native extension for WindowsStandalone target not found
Refreshing native plugins compatible for Editor in 0.42 ms, found 0 plugins.
Preloading 0 native plugins for Editor in 0.00 ms.
Mono: successfully reloaded assembly
- Completed reload, in  1.568 seconds
Platform modules already initialized, skipping
Refreshing native plugins compatible for Editor in 0.44 ms, found 0 plugins.
Preloading 0 native plugins for Editor in 0.00 ms.
Unloading 1111 Unused Serialized files (Serialized files now loaded: 0)
System memory in use before: 61.3 MB.
System memory in use after: 61.4 MB.

Unloading 5 unused Assets to reduce memory usage. Loaded Objects now: 1604.
Total: 4.216300 ms (FindLiveObjects: 0.411700 ms CreateObjectMapping: 0.195000 ms MarkObjects: 3.500500 ms  DeleteObjects: 0.105600 ms)

========================================================================
Received Prepare
Registering precompiled user dll's ...
Registered in 0.002683 seconds.
Begin MonoManager ReloadAssembly
Native extension for WindowsStandalone target not found
Refreshing native plugins compatible for Editor in 0.27 ms, found 0 plugins.
Preloading 0 native plugins for Editor in 0.00 ms.
Mono: successfully reloaded assembly
- Completed reload, in  1.674 seconds
Platform modules already initialized, skipping
Refreshing native plugins compatible for Editor in 0.45 ms, found 0 plugins.
Preloading 0 native plugins for Editor in 0.00 ms.
Unloading 1111 Unused Serialized files (Serialized files now loaded: 0)
System memory in use before: 61.3 MB.
System memory in use after: 61.4 MB.

Unloading 5 unused Assets to reduce memory usage. Loaded Objects now: 1607.
Total: 5.959300 ms (FindLiveObjects: 1.419400 ms CreateObjectMapping: 0.178900 ms MarkObjects: 4.242800 ms  DeleteObjects: 0.114400 ms)

========================================================================
Received Import Request.
  Time since last request: 34.734314 seconds.
  path: Assets/Textures
  artifactKey: Guid(03658701f7e439a45b7db1b768728c7c) Importer(815301076,1909f56bfc062723c751e8b465ee728b)
Start importing Assets/Textures using Guid(03658701f7e439a45b7db1b768728c7c) Importer(815301076,1909f56bfc062723c751e8b465ee728b)  -> (artifact id: 'c53bec3d163fbbd700869a40ea9ec14f') in 0.020296 seconds
  Import took 0.025245 seconds .

========================================================================
Received Import Request.
  Time since last request: 0.001209 seconds.
  path: Assets/Textures
  artifactKey: Guid(03658701f7e439a45b7db1b768728c7c) Importer(815301076,1909f56bfc062723c751e8b465ee728b)
Start importing Assets/Textures using Guid(03658701f7e439a45b7db1b768728c7c) Importer(815301076,1909f56bfc062723c751e8b465ee728b)  -> (artifact id: 'c53bec3d163fbbd700869a40ea9ec14f') in 0.004508 seconds
  Import took 0.008339 seconds .

========================================================================
Received Import Request.
  Time since last request: 58.317403 seconds.
  path: Assets/Textures/download.jpg
  artifactKey: Guid(f0637bbe93fc2c94bb9d1a12bb898a84) Importer(815301076,1909f56bfc062723c751e8b465ee728b)
Start importing Assets/Textures/download.jpg using Guid(f0637bbe93fc2c94bb9d1a12bb898a84) Importer(815301076,1909f56bfc062723c751e8b465ee728b)  -> (artifact id: 'e61c076f19ed270af4ceb4491c2d6e17') in 0.118761 seconds
  Import took 0.122217 seconds .

========================================================================
Received Import Request.
  Time since last request: 0.000222 seconds.
  path: Assets/Textures/Fire-Textures.jpg
  artifactKey: Guid(cebb6820ff18f9f479aa86574f7e4b12) Importer(815301076,1909f56bfc062723c751e8b465ee728b)
Start importing Assets/Textures/Fire-Textures.jpg using Guid(cebb6820ff18f9f479aa86574f7e4b12) Importer(815301076,1909f56bfc062723c751e8b465ee728b)  -> (artifact id: '4c7c9efc5191da19b7dc105facf50b60') in 0.047290 seconds
  Import took 0.051796 seconds .

========================================================================
Received Import Request.
  Time since last request: 0.000339 seconds.
  path: Assets/Textures/images.jpg
  artifactKey: Guid(9b8fc8f5cbf0c064b8c55ee3be04bc8e) Importer(815301076,1909f56bfc062723c751e8b465ee728b)
Start importing Assets/Textures/images.jpg using Guid(9b8fc8f5cbf0c064b8c55ee3be04bc8e) Importer(815301076,1909f56bfc062723c751e8b465ee728b)  -> (artifact id: '1fdd552b2ae2f08e8f7c8c06a457725c') in 0.048750 seconds
  Import took 0.054618 seconds .

========================================================================
Received Import Request.
  Time since last request: 0.000549 seconds.
  path: Assets/Textures/Fire-Textures.jpg
  artifactKey: Guid(cebb6820ff18f9f479aa86574f7e4b12) Importer(815301076,1909f56bfc062723c751e8b465ee728b)
Start importing Assets/Textures/Fire-Textures.jpg using Guid(cebb6820ff18f9f479aa86574f7e4b12) Importer(815301076,1909f56bfc062723c751e8b465ee728b)  -> (artifact id: '4c7c9efc5191da19b7dc105facf50b60') in 0.024181 seconds
  Import took 0.028427 seconds .

========================================================================
Received Import Request.
  Time since last request: 0.000103 seconds.
  path: Assets/Textures/images.jpg
  artifactKey: Guid(9b8fc8f5cbf0c064b8c55ee3be04bc8e) Importer(815301076,1909f56bfc062723c751e8b465ee728b)
Start importing Assets/Textures/images.jpg using Guid(9b8fc8f5cbf0c064b8c55ee3be04bc8e) Importer(815301076,1909f56bfc062723c751e8b465ee728b)  -> (artifact id: '1fdd552b2ae2f08e8f7c8c06a457725c') in 0.028657 seconds
  Import took 0.034197 seconds .

========================================================================
Received Prepare
Registering precompiled user dll's ...
Registered in 0.001284 seconds.
Begin MonoManager ReloadAssembly
Native extension for WindowsStandalone target not found
Refreshing native plugins compatible for Editor in 0.29 ms, found 0 plugins.
Preloading 0 native plugins for Editor in 0.00 ms.
Mono: successfully reloaded assembly
- Completed reload, in  1.151 seconds
Platform modules already initialized, skipping
Refreshing native plugins compatible for Editor in 0.52 ms, found 0 plugins.
Preloading 0 native plugins for Editor in 0.00 ms.
Unloading 1111 Unused Serialized files (Serialized files now loaded: 0)
System memory in use before: 61.4 MB.
System memory in use after: 61.4 MB.

Unloading 5 unused Assets to reduce memory usage. Loaded Objects now: 1612.
Total: 2.640500 ms (FindLiveObjects: 0.270200 ms CreateObjectMapping: 0.109600 ms MarkObjects: 2.182400 ms  DeleteObjects: 0.077000 ms)

AssetImportWorkerClient::OnTransportError - code=2 error=End of file
